<?xml version="1.0" encoding="UTF-8"?>
<!-- Generated by org.testng.reporters.JUnitReportReporter -->
<testsuite hostname="DESKTOP-0K0RA8B" failures="0" tests="2" name="testpackage.Test1" time="5.514" errors="0" timestamp="2024-01-15T11:20:31 IST" skipped="0">
  <testcase classname="testpackage.Test1" name="tc1" time="1.513"/>
  <system-out/>
  <testcase classname="testpackage.Test1" name="getUserId" time="4.001"/>
  <system-out/>
</testsuite> <!-- testpackage.Test1 -->
